[23:25:35] Failed enabling database-manager...
[23:25:35] com.zaxxer.hikari.pool.HikariPool$PoolInitializationException: Failed to initialize pool: Access denied for user 'Unknown'@'localhost' (using password: YES)
	at com.zaxxer.hikari.pool.HikariPool.throwPoolInitializationException(HikariPool.java:595)
	at com.zaxxer.hikari.pool.HikariPool.checkFailFast(HikariPool.java:581)
	at com.zaxxer.hikari.pool.HikariPool.<init>(HikariPool.java:115)
	at com.zaxxer.hikari.HikariDataSource.<init>(HikariDataSource.java:81)
	at me.leoko.advancedban.utils.DynamicDataSource.generateDataSource(DynamicDataSource.java:33)
	at me.leoko.advancedban.manager.DatabaseManager.setup(DatabaseManager.java:51)
	at me.leoko.advancedban.Universal.setup(Universal.java:62)
	at me.leoko.advancedban.bungee.BungeeMain.onEnable(BungeeMain.java:23)
	at net.md_5.bungee.api.plugin.PluginManager.enablePlugins(PluginManager.java:250)
	at net.md_5.bungee.BungeeCord.start(BungeeCord.java:286)
	at net.md_5.bungee.BungeeCordLauncher.main(BungeeCordLauncher.java:62)
	at net.md_5.bungee.Bootstrap.main(Bootstrap.java:15)
Caused by: java.sql.SQLException: Access denied for user 'Unknown'@'localhost' (using password: YES)
	at com.mysql.jdbc.SQLError.createSQLException(SQLError.java:965)
	at com.mysql.jdbc.MysqlIO.checkErrorPacket(MysqlIO.java:3933)
	at com.mysql.jdbc.MysqlIO.checkErrorPacket(MysqlIO.java:3869)
	at com.mysql.jdbc.MysqlIO.checkErrorPacket(MysqlIO.java:864)
	at com.mysql.jdbc.MysqlIO.proceedHandshakeWithPluggableAuthentication(MysqlIO.java:1707)
	at com.mysql.jdbc.MysqlIO.doHandshake(MysqlIO.java:1217)
	at com.mysql.jdbc.ConnectionImpl.coreConnect(ConnectionImpl.java:2189)
	at com.mysql.jdbc.ConnectionImpl.connectOneTryOnly(ConnectionImpl.java:2220)
	at com.mysql.jdbc.ConnectionImpl.createNewIO(ConnectionImpl.java:2015)
	at com.mysql.jdbc.ConnectionImpl.<init>(ConnectionImpl.java:768)
	at com.mysql.jdbc.JDBC4Connection.<init>(JDBC4Connection.java:47)
	at sun.reflect.NativeConstructorAccessorImpl.newInstance0(Native Method)
	at sun.reflect.NativeConstructorAccessorImpl.newInstance(Unknown Source)
	at sun.reflect.DelegatingConstructorAccessorImpl.newInstance(Unknown Source)
	at java.lang.reflect.Constructor.newInstance(Unknown Source)
	at com.mysql.jdbc.Util.handleNewInstance(Util.java:425)
	at com.mysql.jdbc.ConnectionImpl.getInstance(ConnectionImpl.java:385)
	at com.mysql.jdbc.NonRegisteringDriver.connect(NonRegisteringDriver.java:323)
	at com.zaxxer.hikari.util.DriverDataSource.getConnection(DriverDataSource.java:138)
	at com.zaxxer.hikari.pool.PoolBase.newConnection(PoolBase.java:358)
	at com.zaxxer.hikari.pool.PoolBase.newPoolEntry(PoolBase.java:206)
	at com.zaxxer.hikari.pool.HikariPool.createPoolEntry(HikariPool.java:477)
	at com.zaxxer.hikari.pool.HikariPool.checkFailFast(HikariPool.java:560)
	... 10 more

[23:25:35] An unexpected error has occurred connecting to the database
Check if your MySQL data is correct and if your MySQL-Server is online
Please check the plugins/AdvancedBan/logs/latest.log file and report this error in: https://github.com/DevLeoko/AdvancedBan/issues
[23:25:35] java.lang.NullPointerException
	at me.leoko.advancedban.manager.DatabaseManager.executeStatement(DatabaseManager.java:111)
	at me.leoko.advancedban.manager.DatabaseManager.executeStatement(DatabaseManager.java:107)
	at me.leoko.advancedban.manager.DatabaseManager.executeStatement(DatabaseManager.java:92)
	at me.leoko.advancedban.manager.PunishmentManager.setup(PunishmentManager.java:38)
	at me.leoko.advancedban.Universal.setup(Universal.java:69)
	at me.leoko.advancedban.bungee.BungeeMain.onEnable(BungeeMain.java:23)
	at net.md_5.bungee.api.plugin.PluginManager.enablePlugins(PluginManager.java:250)
	at net.md_5.bungee.BungeeCord.start(BungeeCord.java:286)
	at net.md_5.bungee.BungeeCordLauncher.main(BungeeCordLauncher.java:62)
	at net.md_5.bungee.Bootstrap.main(Bootstrap.java:15)

[23:25:43] An unexpected error has occurred connecting to the database
Check if your MySQL data is correct and if your MySQL-Server is online
Please check the plugins/AdvancedBan/logs/latest.log file and report this error in: https://github.com/DevLeoko/AdvancedBan/issues
[23:25:43] java.lang.NullPointerException
	at me.leoko.advancedban.manager.DatabaseManager.executeStatement(DatabaseManager.java:111)
	at me.leoko.advancedban.manager.DatabaseManager.executeStatement(DatabaseManager.java:107)
	at me.leoko.advancedban.manager.DatabaseManager.executeResultStatement(DatabaseManager.java:103)
	at me.leoko.advancedban.manager.PunishmentManager.getPunishments(PunishmentManager.java:134)
	at me.leoko.advancedban.manager.PunishmentManager.getBan(PunishmentManager.java:236)
	at me.leoko.advancedban.manager.PunishmentManager.isBanned(PunishmentManager.java:258)
	at com.james090500.Bungee.Listeners.BanListnerBungee.onConnect(BanListnerBungee.java:89)
	at sun.reflect.NativeMethodAccessorImpl.invoke0(Native Method)
	at sun.reflect.NativeMethodAccessorImpl.invoke(Unknown Source)
	at sun.reflect.DelegatingMethodAccessorImpl.invoke(Unknown Source)
	at java.lang.reflect.Method.invoke(Unknown Source)
	at net.md_5.bungee.event.EventHandlerMethod.invoke(EventHandlerMethod.java:19)
	at net.md_5.bungee.event.EventBus.post(EventBus.java:46)
	at net.md_5.bungee.api.plugin.PluginManager.callEvent(PluginManager.java:399)
	at net.md_5.bungee.connection.InitialHandler.finish(InitialHandler.java:560)
	at net.md_5.bungee.connection.InitialHandler.access$700(InitialHandler.java:70)
	at net.md_5.bungee.connection.InitialHandler$5.done(InitialHandler.java:453)
	at net.md_5.bungee.connection.InitialHandler$5.done(InitialHandler.java:441)
	at net.md_5.bungee.http.HttpHandler.done(HttpHandler.java:68)
	at net.md_5.bungee.http.HttpHandler.channelRead0(HttpHandler.java:59)
	at net.md_5.bungee.http.HttpHandler.channelRead0(HttpHandler.java:14)
	at io.netty.channel.SimpleChannelInboundHandler.channelRead(SimpleChannelInboundHandler.java:99)
	at io.netty.channel.AbstractChannelHandlerContext.invokeChannelRead(AbstractChannelHandlerContext.java:379)
	at io.netty.channel.AbstractChannelHandlerContext.invokeChannelRead(AbstractChannelHandlerContext.java:365)
	at io.netty.channel.AbstractChannelHandlerContext.fireChannelRead(AbstractChannelHandlerContext.java:357)
	at io.netty.channel.CombinedChannelDuplexHandler$DelegatingChannelHandlerContext.fireChannelRead(CombinedChannelDuplexHandler.java:436)
	at io.netty.handler.codec.ByteToMessageDecoder.fireChannelRead(ByteToMessageDecoder.java:324)
	at io.netty.handler.codec.ByteToMessageDecoder.channelRead(ByteToMessageDecoder.java:296)
	at io.netty.channel.CombinedChannelDuplexHandler.channelRead(CombinedChannelDuplexHandler.java:251)
	at io.netty.channel.AbstractChannelHandlerContext.invokeChannelRead(AbstractChannelHandlerContext.java:379)
	at io.netty.channel.AbstractChannelHandlerContext.invokeChannelRead(AbstractChannelHandlerContext.java:365)
	at io.netty.channel.AbstractChannelHandlerContext.fireChannelRead(AbstractChannelHandlerContext.java:357)
	at io.netty.handler.ssl.SslHandler.unwrap(SslHandler.java:1518)
	at io.netty.handler.ssl.SslHandler.decodeJdkCompatible(SslHandler.java:1267)
	at io.netty.handler.ssl.SslHandler.decode(SslHandler.java:1314)
	at io.netty.handler.codec.ByteToMessageDecoder.decodeRemovalReentryProtection(ByteToMessageDecoder.java:501)
	at io.netty.handler.codec.ByteToMessageDecoder.callDecode(ByteToMessageDecoder.java:440)
	at io.netty.handler.codec.ByteToMessageDecoder.channelRead(ByteToMessageDecoder.java:276)
	at io.netty.channel.AbstractChannelHandlerContext.invokeChannelRead(AbstractChannelHandlerContext.java:379)
	at io.netty.channel.AbstractChannelHandlerContext.invokeChannelRead(AbstractChannelHandlerContext.java:365)
	at io.netty.channel.AbstractChannelHandlerContext.fireChannelRead(AbstractChannelHandlerContext.java:357)
	at io.netty.handler.timeout.IdleStateHandler.channelRead(IdleStateHandler.java:286)
	at io.netty.channel.AbstractChannelHandlerContext.invokeChannelRead(AbstractChannelHandlerContext.java:379)
	at io.netty.channel.AbstractChannelHandlerContext.invokeChannelRead(AbstractChannelHandlerContext.java:365)
	at io.netty.channel.AbstractChannelHandlerContext.fireChannelRead(AbstractChannelHandlerContext.java:357)
	at io.netty.channel.DefaultChannelPipeline$HeadContext.channelRead(DefaultChannelPipeline.java:1410)
	at io.netty.channel.AbstractChannelHandlerContext.invokeChannelRead(AbstractChannelHandlerContext.java:379)
	at io.netty.channel.AbstractChannelHandlerContext.invokeChannelRead(AbstractChannelHandlerContext.java:365)
	at io.netty.channel.DefaultChannelPipeline.fireChannelRead(DefaultChannelPipeline.java:919)
	at io.netty.channel.nio.AbstractNioByteChannel$NioByteUnsafe.read(AbstractNioByteChannel.java:163)
	at io.netty.channel.nio.NioEventLoop.processSelectedKey(NioEventLoop.java:714)
	at io.netty.channel.nio.NioEventLoop.processSelectedKeysOptimized(NioEventLoop.java:650)
	at io.netty.channel.nio.NioEventLoop.processSelectedKeys(NioEventLoop.java:576)
	at io.netty.channel.nio.NioEventLoop.run(NioEventLoop.java:493)
	at io.netty.util.concurrent.SingleThreadEventExecutor$4.run(SingleThreadEventExecutor.java:989)
	at io.netty.util.internal.ThreadExecutorMap$2.run(ThreadExecutorMap.java:74)
	at java.lang.Thread.run(Unknown Source)

[23:25:43] An unexpected error has occurred connecting to the database
Check if your MySQL data is correct and if your MySQL-Server is online
Please check the plugins/AdvancedBan/logs/latest.log file and report this error in: https://github.com/DevLeoko/AdvancedBan/issues
[23:25:43] java.lang.NullPointerException
	at me.leoko.advancedban.manager.DatabaseManager.executeStatement(DatabaseManager.java:111)
	at me.leoko.advancedban.manager.DatabaseManager.executeStatement(DatabaseManager.java:107)
	at me.leoko.advancedban.manager.DatabaseManager.executeResultStatement(DatabaseManager.java:103)
	at me.leoko.advancedban.manager.PunishmentManager.load(PunishmentManager.java:60)
	at me.leoko.advancedban.Universal.callConnection(Universal.java:271)
	at me.leoko.advancedban.bungee.listener.ConnectionListenerBungee.lambda$onConnection$0(ConnectionListenerBungee.java:27)
	at net.md_5.bungee.scheduler.BungeeTask.run(BungeeTask.java:63)
	at java.util.concurrent.ThreadPoolExecutor.runWorker(Unknown Source)
	at java.util.concurrent.ThreadPoolExecutor$Worker.run(Unknown Source)
	at java.lang.Thread.run(Unknown Source)

[23:25:43] An unexpected error has occurred connecting to the database
Check if your MySQL data is correct and if your MySQL-Server is online
Please check the plugins/AdvancedBan/logs/latest.log file and report this error in: https://github.com/DevLeoko/AdvancedBan/issues
[23:25:43] java.lang.NullPointerException
	at me.leoko.advancedban.manager.DatabaseManager.executeStatement(DatabaseManager.java:111)
	at me.leoko.advancedban.manager.DatabaseManager.executeStatement(DatabaseManager.java:107)
	at me.leoko.advancedban.manager.DatabaseManager.executeResultStatement(DatabaseManager.java:103)
	at me.leoko.advancedban.manager.PunishmentManager.load(PunishmentManager.java:60)
	at me.leoko.advancedban.Universal.callConnection(Universal.java:271)
	at me.leoko.advancedban.bungee.listener.ConnectionListenerBungee.lambda$onConnection$0(ConnectionListenerBungee.java:27)
	at net.md_5.bungee.scheduler.BungeeTask.run(BungeeTask.java:63)
	at java.util.concurrent.ThreadPoolExecutor.runWorker(Unknown Source)
	at java.util.concurrent.ThreadPoolExecutor$Worker.run(Unknown Source)
	at java.lang.Thread.run(Unknown Source)

[23:27:29] An unexpected error has occurred connecting to the database
Check if your MySQL data is correct and if your MySQL-Server is online
Please check the plugins/AdvancedBan/logs/latest.log file and report this error in: https://github.com/DevLeoko/AdvancedBan/issues
[23:27:29] java.lang.NullPointerException
	at me.leoko.advancedban.manager.DatabaseManager.executeStatement(DatabaseManager.java:111)
	at me.leoko.advancedban.manager.DatabaseManager.executeStatement(DatabaseManager.java:107)
	at me.leoko.advancedban.manager.DatabaseManager.executeResultStatement(DatabaseManager.java:103)
	at me.leoko.advancedban.manager.PunishmentManager.getPunishments(PunishmentManager.java:134)
	at me.leoko.advancedban.manager.PunishmentManager.getBan(PunishmentManager.java:236)
	at me.leoko.advancedban.manager.PunishmentManager.isBanned(PunishmentManager.java:258)
	at com.james090500.Bungee.Listeners.BanListnerBungee.onConnect(BanListnerBungee.java:89)
	at sun.reflect.NativeMethodAccessorImpl.invoke0(Native Method)
	at sun.reflect.NativeMethodAccessorImpl.invoke(Unknown Source)
	at sun.reflect.DelegatingMethodAccessorImpl.invoke(Unknown Source)
	at java.lang.reflect.Method.invoke(Unknown Source)
	at net.md_5.bungee.event.EventHandlerMethod.invoke(EventHandlerMethod.java:19)
	at net.md_5.bungee.event.EventBus.post(EventBus.java:46)
	at net.md_5.bungee.api.plugin.PluginManager.callEvent(PluginManager.java:399)
	at net.md_5.bungee.connection.InitialHandler.finish(InitialHandler.java:560)
	at net.md_5.bungee.connection.InitialHandler.access$700(InitialHandler.java:70)
	at net.md_5.bungee.connection.InitialHandler$5.done(InitialHandler.java:453)
	at net.md_5.bungee.connection.InitialHandler$5.done(InitialHandler.java:441)
	at net.md_5.bungee.http.HttpHandler.done(HttpHandler.java:68)
	at net.md_5.bungee.http.HttpHandler.channelRead0(HttpHandler.java:59)
	at net.md_5.bungee.http.HttpHandler.channelRead0(HttpHandler.java:14)
	at io.netty.channel.SimpleChannelInboundHandler.channelRead(SimpleChannelInboundHandler.java:99)
	at io.netty.channel.AbstractChannelHandlerContext.invokeChannelRead(AbstractChannelHandlerContext.java:379)
	at io.netty.channel.AbstractChannelHandlerContext.invokeChannelRead(AbstractChannelHandlerContext.java:365)
	at io.netty.channel.AbstractChannelHandlerContext.fireChannelRead(AbstractChannelHandlerContext.java:357)
	at io.netty.channel.CombinedChannelDuplexHandler$DelegatingChannelHandlerContext.fireChannelRead(CombinedChannelDuplexHandler.java:436)
	at io.netty.handler.codec.ByteToMessageDecoder.fireChannelRead(ByteToMessageDecoder.java:324)
	at io.netty.handler.codec.ByteToMessageDecoder.channelRead(ByteToMessageDecoder.java:296)
	at io.netty.channel.CombinedChannelDuplexHandler.channelRead(CombinedChannelDuplexHandler.java:251)
	at io.netty.channel.AbstractChannelHandlerContext.invokeChannelRead(AbstractChannelHandlerContext.java:379)
	at io.netty.channel.AbstractChannelHandlerContext.invokeChannelRead(AbstractChannelHandlerContext.java:365)
	at io.netty.channel.AbstractChannelHandlerContext.fireChannelRead(AbstractChannelHandlerContext.java:357)
	at io.netty.handler.ssl.SslHandler.unwrap(SslHandler.java:1518)
	at io.netty.handler.ssl.SslHandler.decodeJdkCompatible(SslHandler.java:1267)
	at io.netty.handler.ssl.SslHandler.decode(SslHandler.java:1314)
	at io.netty.handler.codec.ByteToMessageDecoder.decodeRemovalReentryProtection(ByteToMessageDecoder.java:501)
	at io.netty.handler.codec.ByteToMessageDecoder.callDecode(ByteToMessageDecoder.java:440)
	at io.netty.handler.codec.ByteToMessageDecoder.channelRead(ByteToMessageDecoder.java:276)
	at io.netty.channel.AbstractChannelHandlerContext.invokeChannelRead(AbstractChannelHandlerContext.java:379)
	at io.netty.channel.AbstractChannelHandlerContext.invokeChannelRead(AbstractChannelHandlerContext.java:365)
	at io.netty.channel.AbstractChannelHandlerContext.fireChannelRead(AbstractChannelHandlerContext.java:357)
	at io.netty.handler.timeout.IdleStateHandler.channelRead(IdleStateHandler.java:286)
	at io.netty.channel.AbstractChannelHandlerContext.invokeChannelRead(AbstractChannelHandlerContext.java:379)
	at io.netty.channel.AbstractChannelHandlerContext.invokeChannelRead(AbstractChannelHandlerContext.java:365)
	at io.netty.channel.AbstractChannelHandlerContext.fireChannelRead(AbstractChannelHandlerContext.java:357)
	at io.netty.channel.DefaultChannelPipeline$HeadContext.channelRead(DefaultChannelPipeline.java:1410)
	at io.netty.channel.AbstractChannelHandlerContext.invokeChannelRead(AbstractChannelHandlerContext.java:379)
	at io.netty.channel.AbstractChannelHandlerContext.invokeChannelRead(AbstractChannelHandlerContext.java:365)
	at io.netty.channel.DefaultChannelPipeline.fireChannelRead(DefaultChannelPipeline.java:919)
	at io.netty.channel.nio.AbstractNioByteChannel$NioByteUnsafe.read(AbstractNioByteChannel.java:163)
	at io.netty.channel.nio.NioEventLoop.processSelectedKey(NioEventLoop.java:714)
	at io.netty.channel.nio.NioEventLoop.processSelectedKeysOptimized(NioEventLoop.java:650)
	at io.netty.channel.nio.NioEventLoop.processSelectedKeys(NioEventLoop.java:576)
	at io.netty.channel.nio.NioEventLoop.run(NioEventLoop.java:493)
	at io.netty.util.concurrent.SingleThreadEventExecutor$4.run(SingleThreadEventExecutor.java:989)
	at io.netty.util.internal.ThreadExecutorMap$2.run(ThreadExecutorMap.java:74)
	at java.lang.Thread.run(Unknown Source)

[23:27:29] An unexpected error has occurred connecting to the database
Check if your MySQL data is correct and if your MySQL-Server is online
Please check the plugins/AdvancedBan/logs/latest.log file and report this error in: https://github.com/DevLeoko/AdvancedBan/issues
[23:27:29] java.lang.NullPointerException
	at me.leoko.advancedban.manager.DatabaseManager.executeStatement(DatabaseManager.java:111)
	at me.leoko.advancedban.manager.DatabaseManager.executeStatement(DatabaseManager.java:107)
	at me.leoko.advancedban.manager.DatabaseManager.executeResultStatement(DatabaseManager.java:103)
	at me.leoko.advancedban.manager.PunishmentManager.load(PunishmentManager.java:60)
	at me.leoko.advancedban.Universal.callConnection(Universal.java:271)
	at me.leoko.advancedban.bungee.listener.ConnectionListenerBungee.lambda$onConnection$0(ConnectionListenerBungee.java:27)
	at net.md_5.bungee.scheduler.BungeeTask.run(BungeeTask.java:63)
	at java.util.concurrent.ThreadPoolExecutor.runWorker(Unknown Source)
	at java.util.concurrent.ThreadPoolExecutor$Worker.run(Unknown Source)
	at java.lang.Thread.run(Unknown Source)

[23:27:29] An unexpected error has occurred connecting to the database
Check if your MySQL data is correct and if your MySQL-Server is online
Please check the plugins/AdvancedBan/logs/latest.log file and report this error in: https://github.com/DevLeoko/AdvancedBan/issues
[23:27:29] java.lang.NullPointerException
	at me.leoko.advancedban.manager.DatabaseManager.executeStatement(DatabaseManager.java:111)
	at me.leoko.advancedban.manager.DatabaseManager.executeStatement(DatabaseManager.java:107)
	at me.leoko.advancedban.manager.DatabaseManager.executeResultStatement(DatabaseManager.java:103)
	at me.leoko.advancedban.manager.PunishmentManager.load(PunishmentManager.java:60)
	at me.leoko.advancedban.Universal.callConnection(Universal.java:271)
	at me.leoko.advancedban.bungee.listener.ConnectionListenerBungee.lambda$onConnection$0(ConnectionListenerBungee.java:27)
	at net.md_5.bungee.scheduler.BungeeTask.run(BungeeTask.java:63)
	at java.util.concurrent.ThreadPoolExecutor.runWorker(Unknown Source)
	at java.util.concurrent.ThreadPoolExecutor$Worker.run(Unknown Source)
	at java.lang.Thread.run(Unknown Source)

