Command,Pay,Player,"Montag, 1. Juni 2020 um 11:54:00 Mitteleuropäische Sommerzeit","FernadeZTV",1,money,$,"ShadowPxxLLL",1,money,$,"plotworld",367,76,334,
Command,Pay,Player,"Montag, 1. Juni 2020 um 11:54:03 Mitteleuropäische Sommerzeit","ShadowPxxLLL",1,money,$,"FernadeZTV",1,money,$,"plotworld",370,76,334,
Command,Pay,Player,"Montag, 1. Juni 2020 um 20:29:29 Mitteleuropäische Sommerzeit","PxxLLL",100000000,money,$,"BEAR_Alola",100000000,money,$,"plotworld",350,66,416,
Command,Pay,Player,"Montag, 1. Juni 2020 um 21:24:35 Mitteleuropäische Sommerzeit","BEAR_Alola",1,money,$,"BEAR_Alola",1,money,$,"plotworld",408,65,302,
Command,Pay,Player,"Montag, 1. Juni 2020 um 21:24:35 Mitteleuropäische Sommerzeit","BEAR_Alola",1,money,$,"Tabo",1,money,$,"plotworld",408,65,302,
Command,Pay,Player,"Montag, 1. Juni 2020 um 21:24:35 Mitteleuropäische Sommerzeit","BEAR_Alola",1,money,$,"Jan7483h",1,money,$,"plotworld",408,65,302,
Command,Pay,Player,"Montag, 1. Juni 2020 um 21:24:35 Mitteleuropäische Sommerzeit","BEAR_Alola",1,money,$,"1WhiteWolf15",1,money,$,"plotworld",408,65,302,
Command,Pay,Player,"Montag, 1. Juni 2020 um 21:24:35 Mitteleuropäische Sommerzeit","BEAR_Alola",1,money,$,"bluefighter_10",1,money,$,"plotworld",408,65,302,
Command,Pay,Player,"Dienstag, 2. Juni 2020 um 21:46:51 Mitteleuropäische Sommerzeit","BEAR_Alola",50,money,$,"LordTheTiger",50,money,$,"farmwelt",300,113,-1884,
Command,Pay,Player,"Dienstag, 2. Juni 2020 um 21:46:51 Mitteleuropäische Sommerzeit","BEAR_Alola",50,money,$,"1WhiteWolf15",50,money,$,"farmwelt",300,113,-1884,
Command,Pay,Player,"Dienstag, 2. Juni 2020 um 21:46:51 Mitteleuropäische Sommerzeit","BEAR_Alola",50,money,$,"leDansyl",50,money,$,"farmwelt",300,113,-1884,
Command,Pay,Player,"Dienstag, 2. Juni 2020 um 21:46:51 Mitteleuropäische Sommerzeit","BEAR_Alola",50,money,$,"BEAR_Alola",50,money,$,"farmwelt",300,113,-1884,
Command,Pay,Player,"Dienstag, 2. Juni 2020 um 21:46:51 Mitteleuropäische Sommerzeit","BEAR_Alola",50,money,$,"Florianratzebub",50,money,$,"farmwelt",300,113,-1884,
Command,Pay,Player,"Dienstag, 2. Juni 2020 um 21:46:51 Mitteleuropäische Sommerzeit","BEAR_Alola",50,money,$,"AdminEvil2020",50,money,$,"farmwelt",300,113,-1884,
Command,Pay,Player,"Dienstag, 2. Juni 2020 um 21:46:51 Mitteleuropäische Sommerzeit","BEAR_Alola",50,money,$,"bluefighter_10",50,money,$,"farmwelt",300,113,-1884,
Command,Pay,Player,"Mittwoch, 3. Juni 2020 um 16:10:48 Mitteleuropäische Sommerzeit","BEAR_Alola",590000,money,$,"BlueNori",590000,money,$,"plotworld",-3648,65,1771,
Command,Pay,Player,"Mittwoch, 3. Juni 2020 um 16:54:23 Mitteleuropäische Sommerzeit","BEAR_Alola",500,money,$,"PxxLLL",500,money,$,"plotworld",419,55,379,
Command,Pay,Player,"Mittwoch, 3. Juni 2020 um 16:54:23 Mitteleuropäische Sommerzeit","BEAR_Alola",500,money,$,"bluefighter_10",500,money,$,"plotworld",419,55,379,
Command,Pay,Player,"Mittwoch, 3. Juni 2020 um 16:54:23 Mitteleuropäische Sommerzeit","BEAR_Alola",500,money,$,"Jan7483h",500,money,$,"plotworld",419,55,379,
Command,Pay,Player,"Mittwoch, 3. Juni 2020 um 16:54:23 Mitteleuropäische Sommerzeit","BEAR_Alola",500,money,$,"Toniberta00",500,money,$,"plotworld",419,55,379,
Command,Pay,Player,"Mittwoch, 3. Juni 2020 um 16:54:23 Mitteleuropäische Sommerzeit","BEAR_Alola",500,money,$,"BEAR_Alola",500,money,$,"plotworld",419,55,379,
Command,Pay,Player,"Mittwoch, 3. Juni 2020 um 16:54:23 Mitteleuropäische Sommerzeit","BEAR_Alola",500,money,$,"LordTheTiger",500,money,$,"plotworld",419,55,379,
Command,Pay,Player,"Mittwoch, 3. Juni 2020 um 21:29:09 Mitteleuropäische Sommerzeit","BEAR_Alola",1,money,$,"1WhiteWolf15",1,money,$,"plotworld",124,68,318,
Command,Pay,Player,"Mittwoch, 3. Juni 2020 um 21:29:09 Mitteleuropäische Sommerzeit","BEAR_Alola",1,money,$,"PxxLLL",1,money,$,"plotworld",124,68,318,
Command,Pay,Player,"Mittwoch, 3. Juni 2020 um 21:29:09 Mitteleuropäische Sommerzeit","BEAR_Alola",1,money,$,"Florianratzebub",1,money,$,"plotworld",124,68,318,
Command,Pay,Player,"Mittwoch, 3. Juni 2020 um 21:29:09 Mitteleuropäische Sommerzeit","BEAR_Alola",1,money,$,"bluefighter_10",1,money,$,"plotworld",124,68,318,
Command,Pay,Player,"Mittwoch, 3. Juni 2020 um 21:29:09 Mitteleuropäische Sommerzeit","BEAR_Alola",1,money,$,"LordTheTiger",1,money,$,"plotworld",124,68,318,
Command,Pay,Player,"Mittwoch, 3. Juni 2020 um 21:29:09 Mitteleuropäische Sommerzeit","BEAR_Alola",1,money,$,"BEAR_Alola",1,money,$,"plotworld",124,68,318,
Command,Pay,Player,"Mittwoch, 3. Juni 2020 um 21:29:20 Mitteleuropäische Sommerzeit","PxxLLL",10000000000,money,$,"BEAR_Alola",10000000000,money,$,"plotworld",126,68,319,
Command,Pay,Player,"Donnerstag, 4. Juni 2020 um 18:22:29 Mitteleuropäische Sommerzeit","BlueNori",10000000,money,$,"LordTheTiger",10000000,money,$,"farmwelt",455,88,247,
Command,Pay,Player,"Donnerstag, 4. Juni 2020 um 18:42:06 Mitteleuropäische Sommerzeit","LordTheTiger",10000000,money,$,"BlueNori",10000000,money,$,"farmwelt",12549,91,674,
Command,Pay,Player,"Freitag, 5. Juni 2020 um 21:46:05 Mitteleuropäische Sommerzeit","bluefighter_10",1,money,$,"PxxLLL",1,money,$,"plotworld",123,68,315,
Command,Pay,Player,"Freitag, 5. Juni 2020 um 22:42:12 Mitteleuropäische Sommerzeit","bluefighter_10",1,money,$,"YukiHai",1,money,$,"plotworld",5,65,-499,
Command,Pay,Player,"Samstag, 6. Juni 2020 um 00:01:11 Mitteleuropäische Sommerzeit","1WhiteWolf15",1,money,$,"bluefighter_10",1,money,$,"plotworld",117,65,199,
Command,Pay,Player,"Samstag, 6. Juni 2020 um 12:45:14 Mitteleuropäische Sommerzeit","PxxLLL",10,money,$,"Jan7483h",10,money,$,"plotworld",471,86,401,
Command,Pay,Player,"Samstag, 6. Juni 2020 um 12:45:55 Mitteleuropäische Sommerzeit","PxxLLL",8759,money,$,"Jan7483h",8759,money,$,"plotworld",491,86,585,
Command,Pay,Player,"Samstag, 6. Juni 2020 um 17:53:12 Mitteleuropäische Sommerzeit","YukiHai",1000000,money,$,"bluefighter_10",1000000,money,$,"plotworld",-25,65,-96,
Command,Pay,Player,"Samstag, 6. Juni 2020 um 21:16:14 Mitteleuropäische Sommerzeit","101ProCraft",100,money,$,"LordTheTiger",100,money,$,"plotworld",32,65,-605,
Command,Pay,Player,"Sonntag, 7. Juni 2020 um 15:42:52 Mitteleuropäische Sommerzeit","AdminEvil2020",100,money,$,"Jan7483h",100,money,$,"plotworld",414,55,372,
Command,Pay,Player,"Sonntag, 7. Juni 2020 um 15:43:20 Mitteleuropäische Sommerzeit","Jan7483h",100,money,$,"AdminEvil2020",100,money,$,"plotworld",412,55,369,
Command,Pay,Player,"Sonntag, 7. Juni 2020 um 16:10:43 Mitteleuropäische Sommerzeit","Jan7483h",500,money,$,"Notclaire",500,money,$,"plotworld",367,65,420,
Command,Pay,Player,"Sonntag, 7. Juni 2020 um 16:27:00 Mitteleuropäische Sommerzeit","BlueNori",500,money,$,"Jan7483h",500,money,$,"plotworld",190,76,300,
Command,Pay,Player,"Sonntag, 7. Juni 2020 um 16:27:09 Mitteleuropäische Sommerzeit","BlueNori",500,money,$,"Jan7483h",500,money,$,"plotworld",248,68,304,
Command,Pay,Player,"Sonntag, 7. Juni 2020 um 16:44:41 Mitteleuropäische Sommerzeit","BlueNori",500,money,$,"Sweet_Lapis",500,money,$,"plotworld",128,68,317,
Command,Pay,Player,"Sonntag, 7. Juni 2020 um 16:44:47 Mitteleuropäische Sommerzeit","BlueNori",500,money,$,"Sweet_Lapis",500,money,$,"plotworld",137,65,318,
Command,Sell,Item,"Sonntag, 7. Juni 2020 um 20:59:19 Mitteleuropäische Sommerzeit","HobbitCode",64,COBBLESTONE,0,"HobbitCode",64.0,money,$,"plotworld",-126,65,-38,
Command,Sell,Item,"Sonntag, 7. Juni 2020 um 21:00:31 Mitteleuropäische Sommerzeit","HobbitCode",64,DIAMOND,0,"HobbitCode",12800.0,money,$,"plotworld",-119,67,-35,
Command,Sell,Item,"Sonntag, 7. Juni 2020 um 21:00:53 Mitteleuropäische Sommerzeit","HobbitCode",64,DIAMOND_BLOCK,0,"HobbitCode",128000.0,money,$,"plotworld",-120,67,-37,
Command,Pay,Player,"Sonntag, 7. Juni 2020 um 21:53:20 Mitteleuropäische Sommerzeit","101ProCraft",220,money,$,"FernadeZTV",220,money,$,"plotworld",-28,80,-410,
Command,Pay,Player,"Sonntag, 7. Juni 2020 um 21:54:44 Mitteleuropäische Sommerzeit","PxxLLL",15000,money,$,"FernadeZTV",15000,money,$,"ADMINWORLD",-19,27,-762,
Command,Pay,Player,"Sonntag, 7. Juni 2020 um 22:11:58 Mitteleuropäische Sommerzeit","PxxLLL",50000,money,$,"Notclaire",50000,money,$,"ADMINWORLD",-35,17,-376,
Command,Pay,Player,"Sonntag, 7. Juni 2020 um 22:12:21 Mitteleuropäische Sommerzeit","PxxLLL",30000,money,$,"king_Kings",30000,money,$,"ADMINWORLD",-35,9,-385,
Command,Pay,Player,"Sonntag, 7. Juni 2020 um 22:26:18 Mitteleuropäische Sommerzeit","PxxLLL",20000,money,$,"WolfgangVanColt",20000,money,$,"ADMINWORLD",-41,4,-382,
Command,Pay,Player,"Montag, 8. Juni 2020 um 17:23:22 Mitteleuropäische Sommerzeit","LordTheTiger",1,money,$,"Notclaire",1,money,$,"plotworld",43,72,-631,
Command,Pay,Player,"Montag, 8. Juni 2020 um 18:18:15 Mitteleuropäische Sommerzeit","BEAR_Alola",100000,money,$,"bluefighter_10",100000,money,$,"plotworld",124,65,342,
Command,Pay,Player,"Montag, 8. Juni 2020 um 18:18:20 Mitteleuropäische Sommerzeit","BEAR_Alola",100000,money,$,"bluefighter_10",100000,money,$,"plotworld",124,65,346,
Command,Pay,Player,"Montag, 8. Juni 2020 um 18:18:20 Mitteleuropäische Sommerzeit","BEAR_Alola",100000,money,$,"bluefighter_10",100000,money,$,"plotworld",124,65,346,
Command,Pay,Player,"Montag, 8. Juni 2020 um 18:18:21 Mitteleuropäische Sommerzeit","BEAR_Alola",100000,money,$,"bluefighter_10",100000,money,$,"plotworld",124,65,346,
Command,Pay,Player,"Montag, 8. Juni 2020 um 18:18:26 Mitteleuropäische Sommerzeit","bluefighter_10",400000,money,$,"BEAR_Alola",400000,money,$,"plotworld",124,65,349,
Command,Pay,Player,"Montag, 8. Juni 2020 um 18:47:09 Mitteleuropäische Sommerzeit","BEAR_Alola",100,money,$,"HobbitCode",100,money,$,"plotworld",-3604,65,1771,
Command,Pay,Player,"Montag, 8. Juni 2020 um 18:47:09 Mitteleuropäische Sommerzeit","BEAR_Alola",100,money,$,"LordTheTiger",100,money,$,"plotworld",-3604,65,1771,
Command,Pay,Player,"Montag, 8. Juni 2020 um 18:47:09 Mitteleuropäische Sommerzeit","BEAR_Alola",100,money,$,"Blackboy024",100,money,$,"plotworld",-3604,65,1771,
Command,Pay,Player,"Montag, 8. Juni 2020 um 18:47:09 Mitteleuropäische Sommerzeit","BEAR_Alola",100,money,$,"BlueNori",100,money,$,"plotworld",-3604,65,1771,
Command,Pay,Player,"Montag, 8. Juni 2020 um 18:47:09 Mitteleuropäische Sommerzeit","BEAR_Alola",100,money,$,"BEAR_Alola",100,money,$,"plotworld",-3604,65,1771,
Command,Pay,Player,"Montag, 8. Juni 2020 um 18:47:09 Mitteleuropäische Sommerzeit","BEAR_Alola",100,money,$,"Notclaire",100,money,$,"plotworld",-3604,65,1771,
Command,Pay,Player,"Montag, 8. Juni 2020 um 18:47:09 Mitteleuropäische Sommerzeit","BEAR_Alola",100,money,$,"YukiHai",100,money,$,"plotworld",-3604,65,1771,
Command,Pay,Player,"Montag, 8. Juni 2020 um 18:47:09 Mitteleuropäische Sommerzeit","BEAR_Alola",100,money,$,"Jan7483h",100,money,$,"plotworld",-3604,65,1771,
Command,Pay,Player,"Montag, 8. Juni 2020 um 18:47:09 Mitteleuropäische Sommerzeit","BEAR_Alola",100,money,$,"Thegamer5801",100,money,$,"plotworld",-3604,65,1771,
Command,Pay,Player,"Montag, 8. Juni 2020 um 21:03:46 Mitteleuropäische Sommerzeit","WolfgangVanColt",3000,money,$,"Jan7483h",3000,money,$,"plotworld",411,55,370,
Command,Pay,Player,"Montag, 8. Juni 2020 um 21:04:03 Mitteleuropäische Sommerzeit","Jan7483h",5000,money,$,"WolfgangVanColt",5000,money,$,"plotworld",409,55,375,
Command,Pay,Player,"Montag, 8. Juni 2020 um 21:20:45 Mitteleuropäische Sommerzeit","BEAR_Alola",100000,money,$,"IchMagKekse2",100000,money,$,"plotworld",122,68,318,
Command,Pay,Player,"Montag, 8. Juni 2020 um 21:43:50 Mitteleuropäische Sommerzeit","PxxLLL",15100,money,$,"IchMagKekse2",15100,money,$,"plotworld",-81,68,98,
Command,Pay,Player,"Montag, 8. Juni 2020 um 21:44:16 Mitteleuropäische Sommerzeit","PxxLLL",15000,money,$,"LordTheTiger",15000,money,$,"plotworld",44,68,55,
Command,Pay,Player,"Montag, 8. Juni 2020 um 22:18:23 Mitteleuropäische Sommerzeit","PxxLLL",500000,money,$,"LordTheTiger",500000,money,$,"plotworld",-166,65,-149,
Command,Pay,Player,"Montag, 8. Juni 2020 um 22:19:48 Mitteleuropäische Sommerzeit","PxxLLL",5000000,money,$,"LordTheTiger",5000000,money,$,"plotworld",-172,65,-151,
Command,Pay,Player,"Montag, 8. Juni 2020 um 22:19:53 Mitteleuropäische Sommerzeit","PxxLLL",50000000,money,$,"LordTheTiger",50000000,money,$,"plotworld",-171,65,-149,
Command,Pay,Player,"Montag, 8. Juni 2020 um 22:20:05 Mitteleuropäische Sommerzeit","PxxLLL",500000000,money,$,"LordTheTiger",500000000,money,$,"plotworld",-172,66,-147,
Command,Pay,Player,"Montag, 8. Juni 2020 um 22:22:06 Mitteleuropäische Sommerzeit","LordTheTiger",555000000,money,$,"PxxLLL",555000000,money,$,"plotworld",24,65,-648,
Command,Pay,Player,"Dienstag, 9. Juni 2020 um 01:53:59 Mitteleuropäische Sommerzeit","MagicWizurd",2000,money,$,"Notclaire",2000,money,$,"plotworld",122,68,319,
Command,Pay,Player,"Dienstag, 9. Juni 2020 um 18:53:38 Mitteleuropäische Sommerzeit","BlueNori",1000,money,$,"101ProCraft",1000,money,$,"plotworld",123,68,320,
Command,Pay,Player,"Dienstag, 9. Juni 2020 um 18:56:09 Mitteleuropäische Sommerzeit","101ProCraft",1000,money,$,"BlueNori",1000,money,$,"plotworld",127,70,322,
Command,Pay,Player,"Dienstag, 9. Juni 2020 um 18:56:57 Mitteleuropäische Sommerzeit","101ProCraft",1000,money,$,"BlueNori",1000,money,$,"plotworld",127,68,321,
Command,Pay,Player,"Dienstag, 9. Juni 2020 um 18:58:37 Mitteleuropäische Sommerzeit","BlueNori",1000,money,$,"bluefighter_10",1000,money,$,"plotworld",122,68,320,
Command,Pay,Player,"Dienstag, 9. Juni 2020 um 18:59:05 Mitteleuropäische Sommerzeit","BlueNori",1000,money,$,"101ProCraft",1000,money,$,"plotworld",121,68,320,
Command,Pay,Player,"Dienstag, 9. Juni 2020 um 19:00:05 Mitteleuropäische Sommerzeit","bluefighter_10",1000,money,$,"101ProCraft",1000,money,$,"plotworld",122,68,319,
Command,Pay,Player,"Dienstag, 9. Juni 2020 um 19:02:22 Mitteleuropäische Sommerzeit","bluefighter_10",100000,money,$,"Aspiirin",100000,money,$,"plotworld",126,71,326,
Command,Pay,Player,"Donnerstag, 11. Juni 2020 um 16:29:11 Mitteleuropäische Sommerzeit","BlueNori",100,money,$,"Notclaire",100,money,$,"plotworld",407,67,386,
Command,Pay,Player,"Donnerstag, 11. Juni 2020 um 16:29:11 Mitteleuropäische Sommerzeit","BlueNori",100,money,$,"PxxLLL",100,money,$,"plotworld",407,67,386,
Command,Pay,Player,"Donnerstag, 11. Juni 2020 um 16:29:11 Mitteleuropäische Sommerzeit","BlueNori",100,money,$,"Jan7483h",100,money,$,"plotworld",407,67,386,
Command,Pay,Player,"Donnerstag, 11. Juni 2020 um 16:29:11 Mitteleuropäische Sommerzeit","BlueNori",100,money,$,"BlueNori",100,money,$,"plotworld",407,67,386,
Command,Pay,Player,"Donnerstag, 11. Juni 2020 um 16:29:11 Mitteleuropäische Sommerzeit","BlueNori",100,money,$,"Liidaru",100,money,$,"plotworld",407,67,386,
Command,Pay,Player,"Donnerstag, 11. Juni 2020 um 16:46:44 Mitteleuropäische Sommerzeit","Notclaire",200,money,$,"BlueNori",200,money,$,"plotworld",59,66,338,
Command,Pay,Player,"Donnerstag, 11. Juni 2020 um 16:46:56 Mitteleuropäische Sommerzeit","Notclaire",200,money,$,"BlueNori",200,money,$,"plotworld",58,66,338,
Command,Pay,Player,"Freitag, 12. Juni 2020 um 23:02:00 Mitteleuropäische Sommerzeit","Cheese_Nugget",200,money,$,"bluefighter_10",200,money,$,"plotworld",32,65,324,
Command,Pay,Player,"Samstag, 13. Juni 2020 um 00:01:10 Mitteleuropäische Sommerzeit","Cheese_Nugget",1800,money,$,"bluefighter_10",1800,money,$,"plotworld",115,65,-94,
Command,Pay,Player,"Samstag, 13. Juni 2020 um 18:17:12 Mitteleuropäische Sommerzeit","BlueNori",50,money,$,"BlueNori",50,money,$,"plotworld",418,74,380,
Command,Pay,Player,"Samstag, 13. Juni 2020 um 18:17:12 Mitteleuropäische Sommerzeit","BlueNori",50,money,$,"PxxLLL",50,money,$,"plotworld",418,74,380,
Command,Pay,Player,"Samstag, 13. Juni 2020 um 18:17:12 Mitteleuropäische Sommerzeit","BlueNori",50,money,$,"Liidaru",50,money,$,"plotworld",418,74,380,
Command,Pay,Player,"Samstag, 13. Juni 2020 um 18:17:12 Mitteleuropäische Sommerzeit","BlueNori",50,money,$,"Jan7483h",50,money,$,"plotworld",418,74,380,
Command,Pay,Player,"Samstag, 13. Juni 2020 um 18:17:12 Mitteleuropäische Sommerzeit","BlueNori",50,money,$,"FernadeZTV",50,money,$,"plotworld",418,74,380,
Command,Pay,Player,"Samstag, 13. Juni 2020 um 18:17:12 Mitteleuropäische Sommerzeit","BlueNori",50,money,$,"LordTheTiger",50,money,$,"plotworld",418,74,380,
Command,Pay,Player,"Samstag, 13. Juni 2020 um 18:17:12 Mitteleuropäische Sommerzeit","BlueNori",50,money,$,"Cheese_Nugget",50,money,$,"plotworld",418,74,380,
Command,Pay,Player,"Samstag, 13. Juni 2020 um 18:17:12 Mitteleuropäische Sommerzeit","BlueNori",50,money,$,"hinzufugen",50,money,$,"plotworld",418,74,380,
Command,Pay,Player,"Samstag, 13. Juni 2020 um 20:14:56 Mitteleuropäische Sommerzeit","hinzufugen",10,money,$,"Jan7483h",10,money,$,"plotworld",539,65,346,
Command,Pay,Player,"Samstag, 13. Juni 2020 um 20:21:00 Mitteleuropäische Sommerzeit","BlueNori",100,money,$,"Cheese_Nugget",100,money,$,"plotworld",120,78,311,
Command,Pay,Player,"Samstag, 13. Juni 2020 um 20:21:00 Mitteleuropäische Sommerzeit","BlueNori",100,money,$,"Kalletik",100,money,$,"plotworld",120,78,311,
Command,Pay,Player,"Samstag, 13. Juni 2020 um 20:21:00 Mitteleuropäische Sommerzeit","BlueNori",100,money,$,"AdminKiller",100,money,$,"plotworld",120,78,311,
Command,Pay,Player,"Samstag, 13. Juni 2020 um 20:21:00 Mitteleuropäische Sommerzeit","BlueNori",100,money,$,"Notclaire",100,money,$,"plotworld",120,78,311,
Command,Pay,Player,"Samstag, 13. Juni 2020 um 20:21:00 Mitteleuropäische Sommerzeit","BlueNori",100,money,$,"Jan7483h",100,money,$,"plotworld",120,78,311,
Command,Pay,Player,"Samstag, 13. Juni 2020 um 20:21:00 Mitteleuropäische Sommerzeit","BlueNori",100,money,$,"WolfgangVanColt",100,money,$,"plotworld",120,78,311,
Command,Pay,Player,"Samstag, 13. Juni 2020 um 20:21:00 Mitteleuropäische Sommerzeit","BlueNori",100,money,$,"FernadeZTV",100,money,$,"plotworld",120,78,311,
Command,Pay,Player,"Samstag, 13. Juni 2020 um 20:21:00 Mitteleuropäische Sommerzeit","BlueNori",100,money,$,"hinzufugen",100,money,$,"plotworld",120,78,311,
Command,Pay,Player,"Samstag, 13. Juni 2020 um 20:21:00 Mitteleuropäische Sommerzeit","BlueNori",100,money,$,"Liidaru",100,money,$,"plotworld",120,78,311,
Command,Pay,Player,"Samstag, 13. Juni 2020 um 20:21:00 Mitteleuropäische Sommerzeit","BlueNori",100,money,$,"PxxLLL",100,money,$,"plotworld",120,78,311,
Command,Pay,Player,"Samstag, 13. Juni 2020 um 20:21:00 Mitteleuropäische Sommerzeit","BlueNori",100,money,$,"LordTheTiger",100,money,$,"plotworld",120,78,311,
Command,Pay,Player,"Samstag, 13. Juni 2020 um 20:21:00 Mitteleuropäische Sommerzeit","BlueNori",100,money,$,"bluefighter_10",100,money,$,"plotworld",120,78,311,
Command,Pay,Player,"Samstag, 13. Juni 2020 um 20:21:00 Mitteleuropäische Sommerzeit","BlueNori",100,money,$,"BlueNori",100,money,$,"plotworld",120,78,311,
Command,Pay,Player,"Samstag, 13. Juni 2020 um 20:21:00 Mitteleuropäische Sommerzeit","BlueNori",100,money,$,"BEAR_Alola",100,money,$,"plotworld",120,78,311,
Command,Pay,Player,"Samstag, 13. Juni 2020 um 20:47:46 Mitteleuropäische Sommerzeit","Kalletik",500,money,$,"BlueNori",500,money,$,"plotworld",61,65,337,
Command,Pay,Player,"Samstag, 13. Juni 2020 um 23:14:00 Mitteleuropäische Sommerzeit","101ProCraft",320,money,$,"LordTheTiger",320,money,$,"plotworld",-63,74,-397,
Command,Pay,Player,"Samstag, 13. Juni 2020 um 23:15:12 Mitteleuropäische Sommerzeit","101ProCraft",180,money,$,"LordTheTiger",180,money,$,"plotworld",-82,76,-395,
Command,Pay,Player,"Sonntag, 14. Juni 2020 um 19:07:49 Mitteleuropäische Sommerzeit","BlueNori",100,money,$,"Kalletik",100,money,$,"ADMINWORLD",201,5,164,
Command,Pay,Player,"Sonntag, 14. Juni 2020 um 19:52:02 Mitteleuropäische Sommerzeit","BlueNori",2000,money,$,"Kalletik",2000,money,$,"plotworld",116,73,317,
